22:55:08 **** Incremental Build of configuration Debug for project mini_proj_4 ****
make all 
Building file: ../app.c
Invoking: AVR Compiler
avr-gcc -Wall -g2 -gstabs -O0 -fpack-struct -fshort-enums -ffunction-sections -fdata-sections -std=gnu99 -funsigned-char -funsigned-bitfields -mmcu=atmega32 -DF_CPU=8000000UL -MMD -MP -MF"app.d" -MT"app.o" -c -o "app.o" "../app.c"
In file included from ../app.c:14:
c:/winavr-20100110/lib/gcc/../../avr/include/util/delay.h:90:3: warning: #warning "Compiler optimizations disabled; functions from <util/delay.h> won't work as designed"
Finished building: ../app.c
 
Building target: mini_proj_4.elf
Invoking: AVR C Linker
avr-gcc -Wl,-Map,mini_proj_4.map -mmcu=atmega32 -o "mini_proj_4.elf"  ./app.o ./gpio.o ./icu.o ./lcd.o ./ultra.o   
Finished building target: mini_proj_4.elf
 
Invoking: AVR Create Extended Listing
avr-objdump -h -S mini_proj_4.elf  >"mini_proj_4.lss"
Finished building: mini_proj_4.lss
 
Invoking: Print Size
avr-size --format=avr --mcu=atmega32 mini_proj_4.elf
AVR Memory Usage
----------------
Device: atmega32

Program:    8966 bytes (27.4% Full)
(.text + .data + .bootloader)

Data:         25 bytes (1.2% Full)
(.data + .bss + .noinit)


Finished building: sizedummy
 
